Arguments: 
  /usr/local/Cellar/node/8.4.0/bin/node /usr/local/bin/yarn start

PATH: 
  /usr/local/bin:/usr/bin:/bin:/usr/sbin:/sbin:/usr/local/go/bin:/usr/local/share/dotnet

Yarn version: 
  1.3.2

Node version: 
  8.4.0

Platform: 
  darwin x64

npm manifest: 
  {
    "name": "react-backend",
    "version": "0.0.0",
    "private": true,
    "scripts": {
      "start": "node ./bin/www"
    },
    "dependencies": {
      "body-parser": "~1.18.2",
      "cookie-parser": "~1.4.3",
      "debug": "~2.6.9",
      "express": "~4.15.5",
      "jade": "~1.11.0",
      "morgan": "~1.9.0",
      "serve-favicon": "~2.4.5"
    }
  }

yarn manifest: 
  No manifest

Lockfile: 
  No lockfile

Trace: 
  SyntaxError: /Users/Prime/Desktop/found-in-effort/package.json: Unexpected token } in JSON at position 381
      at JSON.parse (<anonymous>)
      at /usr/local/lib/node_modules/yarn/lib/cli.js:770:59
      at Generator.next (<anonymous>)
      at step (/usr/local/lib/node_modules/yarn/lib/cli.js:92:30)
      at /usr/local/lib/node_modules/yarn/lib/cli.js:103:13
      at <anonymous>
